<?xml version="1.0" encoding="UTF-8"?>
<!-- Generated by org.testng.reporters.JUnitReportReporter -->
<testsuite hostname="MBP-de-Ivan.home" name="br.com.circuloperfeito.dukemovie.dukemovie.js.JsInteractionTest" tests="1" failures="0" timestamp="13 May 2015 00:46:56 GMT" time="1.557" errors="0">
  <testcase name="testCallbackFromJavaScript" time="1.557" classname="br.com.circuloperfeito.dukemovie.dukemovie.js.JsInteractionTest"/>
</testsuite> <!-- br.com.circuloperfeito.dukemovie.dukemovie.js.JsInteractionTest -->
